2022-07-05 07:05:14.882  INFO 4642 --- [main] c.t.i.InsuranceLoggingApplication        : Starting InsuranceLoggingApplication using Java 11.0.14 on Apples-MacBook-Pro-3.local with PID 4642 (/Users/apple/Desktop/TrainingWorkSpace/InsuranceLogging/target/classes started by apple in /Users/apple/Desktop/TrainingWorkSpace/InsuranceLogging)
2022-07-05 07:05:14.886  INFO 4642 --- [main] c.t.i.InsuranceLoggingApplication        : No active profile set, falling back to 1 default profile: "default"
2022-07-05 07:05:15.793  INFO 4642 --- [main] .s.d.r.c.RepositoryConfigurationDelegate : Bootstrapping Spring Data JPA repositories in DEFAULT mode.
2022-07-05 07:05:15.868  INFO 4642 --- [main] .s.d.r.c.RepositoryConfigurationDelegate : Finished Spring Data repository scanning in 61 ms. Found 2 JPA repository interfaces.
2022-07-05 07:05:16.531  INFO 4642 --- [main] o.s.b.w.embedded.tomcat.TomcatWebServer  : Tomcat initialized with port(s): 8080 (http)
2022-07-05 07:05:16.548  INFO 4642 --- [main] o.apache.catalina.core.StandardService   : Starting service [Tomcat]
2022-07-05 07:05:16.549  INFO 4642 --- [main] org.apache.catalina.core.StandardEngine  : Starting Servlet engine: [Apache Tomcat/9.0.64]
2022-07-05 07:05:16.705  INFO 4642 --- [main] o.a.c.c.C.[Tomcat].[localhost].[/]       : Initializing Spring embedded WebApplicationContext
2022-07-05 07:05:16.705  INFO 4642 --- [main] w.s.c.ServletWebServerApplicationContext : Root WebApplicationContext: initialization completed in 1734 ms
2022-07-05 07:05:16.916  INFO 4642 --- [main] com.zaxxer.hikari.HikariDataSource       : HikariPool-1 - Starting...
2022-07-05 07:05:17.335  INFO 4642 --- [main] com.zaxxer.hikari.HikariDataSource       : HikariPool-1 - Start completed.
2022-07-05 07:05:17.406  INFO 4642 --- [main] o.hibernate.jpa.internal.util.LogHelper  : HHH000204: Processing PersistenceUnitInfo [name: default]
2022-07-05 07:05:17.502  INFO 4642 --- [main] org.hibernate.Version                    : HHH000412: Hibernate ORM core version 5.6.9.Final
2022-07-05 07:05:17.811  INFO 4642 --- [main] o.hibernate.annotations.common.Version   : HCANN000001: Hibernate Commons Annotations {5.1.2.Final}
2022-07-05 07:05:17.985  INFO 4642 --- [main] org.hibernate.dialect.Dialect            : HHH000400: Using dialect: org.hibernate.dialect.MySQL8Dialect
2022-07-05 07:05:18.627  INFO 4642 --- [main] o.h.e.t.j.p.i.JtaPlatformInitiator       : HHH000490: Using JtaPlatform implementation: [org.hibernate.engine.transaction.jta.platform.internal.NoJtaPlatform]
2022-07-05 07:05:18.639  INFO 4642 --- [main] j.LocalContainerEntityManagerFactoryBean : Initialized JPA EntityManagerFactory for persistence unit 'default'
2022-07-05 07:05:19.174  WARN 4642 --- [main] JpaBaseConfiguration$JpaWebConfiguration : spring.jpa.open-in-view is enabled by default. Therefore, database queries may be performed during view rendering. Explicitly configure spring.jpa.open-in-view to disable this warning
2022-07-05 07:05:19.576  INFO 4642 --- [main] o.s.b.w.embedded.tomcat.TomcatWebServer  : Tomcat started on port(s): 8080 (http) with context path ''
2022-07-05 07:05:19.597  INFO 4642 --- [main] c.t.i.InsuranceLoggingApplication        : Started InsuranceLoggingApplication in 5.264 seconds (JVM running for 6.499)
2022-07-05 07:05:56.144  INFO 4642 --- [http-nio-8080-exec-1] o.a.c.c.C.[Tomcat].[localhost].[/]       : Initializing Spring DispatcherServlet 'dispatcherServlet'
2022-07-05 07:05:56.145  INFO 4642 --- [http-nio-8080-exec-1] o.s.web.servlet.DispatcherServlet        : Initializing Servlet 'dispatcherServlet'
2022-07-05 07:05:56.150  INFO 4642 --- [http-nio-8080-exec-1] o.s.web.servlet.DispatcherServlet        : Completed initialization in 4 ms
2022-07-05 07:05:56.280  INFO 4642 --- [http-nio-8080-exec-1] c.t.i.c.InsuranceApplicantController     :  Entering getApplicantbyPersonalId() method : personal Id = HN601
2022-07-05 07:06:09.292  INFO 4642 --- [http-nio-8080-exec-3] c.t.i.c.InsuranceApplicantController     :  Entering getApplicantbyPersonalId() method : personal Id = KL190
2022-07-05 07:14:33.373  INFO 4642 --- [RMI TCP Connection(13)-127.0.0.1] inMXBeanRegistrar$SpringApplicationAdmin : Application shutdown requested.
2022-07-05 07:14:33.411  INFO 4642 --- [RMI TCP Connection(13)-127.0.0.1] j.LocalContainerEntityManagerFactoryBean : Closing JPA EntityManagerFactory for persistence unit 'default'
2022-07-05 07:14:33.415  INFO 4642 --- [RMI TCP Connection(13)-127.0.0.1] com.zaxxer.hikari.HikariDataSource       : HikariPool-1 - Shutdown initiated...
2022-07-05 07:14:33.438  INFO 4642 --- [RMI TCP Connection(13)-127.0.0.1] com.zaxxer.hikari.HikariDataSource       : HikariPool-1 - Shutdown completed.
